#
# There is insufficient memory for the Java Runtime Environment to continue.
# Native memory allocation (mmap) failed to map 264241152 bytes for G1 virtual space
# Possible reasons:
#   The system is out of physical RAM or swap space
#   The process is running with CompressedOops enabled, and the Java Heap may be blocking the growth of the native heap
# Possible solutions:
#   Reduce memory load on the system
#   Increase physical memory or swap space
#   Check if swap backing store is full
#   Decrease Java heap size (-Xmx/-Xms)
#   Decrease number of Java threads
#   Decrease Java thread stack sizes (-Xss)
#   Set larger code cache with -XX:ReservedCodeCacheSize=
#   JVM is running with Zero Based Compressed Oops mode in which the Java heap is
#     placed in the first 32GB address space. The Java Heap base address is the
#     maximum limit for the native heap growth. Please use -XX:HeapBaseMinAddress
#     to set the Java Heap base and to place the Java Heap above 32GB virtual address.
# This output file may be truncated or incomplete.
#
#  Out of Memory Error (os_windows.cpp:3527), pid=17060, tid=28776
#
# JRE version:  (19.0+36) (build )
# Java VM: Java HotSpot(TM) 64-Bit Server VM (19+36-2238, mixed mode, sharing, tiered, compressed oops, compressed class ptrs, g1 gc, windows-amd64)
# No core dump will be written. Minidumps are not enabled by default on client versions of Windows
#

---------------  S U M M A R Y ------------

Command Line: C:\Users\fredr\.nextflow\lsp\v25.04\v25.04.3.jar

Host: 11th Gen Intel(R) Core(TM) i7-1165G7 @ 2.80GHz, 8 cores, 15G,  Windows 11 , 64 bit Build 26100 (10.0.26100.4484)
Time: Mon Jul 21 15:42:46 2025 W. Australia Standard Time elapsed time: 1.255609 seconds (0d 0h 0m 1s)

---------------  T H R E A D  ---------------

Current thread (0x000002aaf07ddde0):  JavaThread "Unknown thread" [_thread_in_vm, id=28776, stack(0x000000ae0f100000,0x000000ae0f200000)]

Stack: [0x000000ae0f100000,0x000000ae0f200000]
Native frames: (J=compiled Java code, j=interpreted, Vv=VM code, C=native code)
V  [jvm.dll+0x6ee8fa]
V  [jvm.dll+0x857a1e]
V  [jvm.dll+0x85940e]
V  [jvm.dll+0x859ac3]
V  [jvm.dll+0x28291f]
V  [jvm.dll+0x6eb6e9]
V  [jvm.dll+0x6e028a]
V  [jvm.dll+0x357136]
V  [jvm.dll+0x35eb96]
V  [jvm.dll+0x3b555e]
V  [jvm.dll+0x3b578f]
V  [jvm.dll+0x32c6ea]
V  [jvm.dll+0x32d59e]
V  [jvm.dll+0x821b20]
V  [jvm.dll+0x3c27c1]
V  [jvm.dll+0x8022f1]
V  [jvm.dll+0x44b30f]
V  [jvm.dll+0x44cc91]
C  [jli.dll+0x5287]
C  [ucrtbase.dll+0x37b0]
C  [KERNEL32.DLL+0x2e8d7]
C  [ntdll.dll+0x3c34c]


---------------  P R O C E S S  ---------------

Threads class SMR info:
_java_thread_list=0x00007ffc6ce1d048, length=0, elements={
}

Java Threads: ( => current thread )

Other Threads:
  0x000002aaf2a9cc60 WorkerThread "GC Thread#0" [stack: 0x000000ae0f200000,0x000000ae0f300000] [id=30908]
  0x000002aaf2aae580 ConcurrentGCThread "G1 Main Marker" [stack: 0x000000ae0f300000,0x000000ae0f400000] [id=33320]
  0x000002aaf2ab0600 WorkerThread "G1 Conc#0" [stack: 0x000000ae0f400000,0x000000ae0f500000] [id=25236]

[error occurred during error reporting (printing all threads), id 0xc0000005, EXCEPTION_ACCESS_VIOLATION (0xc0000005) at pc=0x00007ffc6c5dd127]

VM state: not at safepoint (not fully initialized)

VM Mutex/Monitor currently owned by a thread:  ([mutex/lock_event])
[0x000002aaf07ddb60] Heap_lock - owner thread: 0x000002aaf07ddde0

Heap address: 0x0000000704a00000, size: 4022 MB, Compressed Oops mode: Zero based, Oop shift amount: 3

CDS archive(s) mapped at: [0x0000000000000000-0x0000000000000000-0x0000000000000000), size 0, SharedBaseAddress: 0x0000000800000000, ArchiveRelocationMode: 0.
Narrow klass base: 0x0000000000000000, Narrow klass shift: 0, Narrow klass range: 0x0

GC Precious Log:
 CardTable entry size: 512
 Card Set container configuration: InlinePtr #cards 4 size 8 Array Of Cards #cards 8 size 32 Howl #buckets 8 coarsen threshold 3686 Howl Bitmap #cards 512 size 80 coarsen threshold 460 Card regions per heap region 1 cards per card region 4096

Heap:
 garbage-first heap   total 0K, used 0K [0x0000000704a00000, 0x0000000800000000)
  region size 2048K, 0 young (0K), 0 survivors (0K)

[error occurred during error reporting (printing heap information), id 0xc0000005, EXCEPTION_ACCESS_VIOLATION (0xc0000005) at pc=0x00007ffc6c9e6959]

GC Heap History (0 events):
No events

Dll operation events (1 events):
Event: 0.007 Loaded shared library C:\Program Files\Java\jdk-19\bin\java.dll

Deoptimization events (0 events):
No events

Classes loaded (0 events):
No events

Classes unloaded (0 events):
No events

Classes redefined (0 events):
No events

Internal exceptions (0 events):
No events

VM Operations (0 events):
No events

Events (0 events):
No events


Dynamic libraries:
0x00007ff7b6250000 - 0x00007ff7b6260000 	C:\Program Files\Java\jdk-19\bin\java.exe
0x00007ffd27ee0000 - 0x00007ffd28148000 	C:\WINDOWS\SYSTEM32\ntdll.dll
0x00007ffd26ea0000 - 0x00007ffd26f69000 	C:\WINDOWS\System32\KERNEL32.DLL
0x00007ffd253b0000 - 0x00007ffd2579d000 	C:\WINDOWS\System32\KERNELBASE.dll
0x00007ffd25b00000 - 0x00007ffd25c4b000 	C:\WINDOWS\System32\ucrtbase.dll
0x00007ffcc34b0000 - 0x00007ffcc34c8000 	C:\Program Files\Java\jdk-19\bin\jli.dll
0x00007ffd26de0000 - 0x00007ffd26e94000 	C:\WINDOWS\System32\ADVAPI32.dll
0x00007ffcc43d0000 - 0x00007ffcc43eb000 	C:\Program Files\Java\jdk-19\bin\VCRUNTIME140.dll
0x00007ffd25db0000 - 0x00007ffd25e59000 	C:\WINDOWS\System32\msvcrt.dll
0x00007ffd27440000 - 0x00007ffd274e6000 	C:\WINDOWS\System32\sechost.dll
0x00007ffd272a0000 - 0x00007ffd273b8000 	C:\WINDOWS\System32\RPCRT4.dll
0x00007ffd26b90000 - 0x00007ffd26d5c000 	C:\WINDOWS\System32\USER32.dll
0x00007ffd25210000 - 0x00007ffd25237000 	C:\WINDOWS\System32\win32u.dll
0x00007ffd26050000 - 0x00007ffd2607b000 	C:\WINDOWS\System32\GDI32.dll
0x00007ffd259c0000 - 0x00007ffd25af7000 	C:\WINDOWS\System32\gdi32full.dll
0x00007ffd25300000 - 0x00007ffd253a3000 	C:\WINDOWS\System32\msvcp_win.dll
0x00007ffd09fd0000 - 0x00007ffd0a26a000 	C:\WINDOWS\WinSxS\amd64_microsoft.windows.common-controls_6595b64144ccf1df_6.0.26100.4484_none_3e0e6d4ce32ef3b3\COMCTL32.dll
0x00007ffd11230000 - 0x00007ffd1123b000 	C:\WINDOWS\SYSTEM32\VERSION.dll
0x00007ffd27260000 - 0x00007ffd2728f000 	C:\WINDOWS\System32\IMM32.DLL
0x00007ffd0c8d0000 - 0x00007ffd0c8dc000 	C:\Program Files\Java\jdk-19\bin\vcruntime140_1.dll
0x00007ffcba1d0000 - 0x00007ffcba25e000 	C:\Program Files\Java\jdk-19\bin\msvcp140.dll
0x00007ffc6c2a0000 - 0x00007ffc6cf60000 	C:\Program Files\Java\jdk-19\bin\server\jvm.dll
0x00007ffd0c880000 - 0x00007ffd0c88a000 	C:\WINDOWS\SYSTEM32\WSOCK32.dll
0x00007ffd26d60000 - 0x00007ffd26dd4000 	C:\WINDOWS\System32\WS2_32.dll
0x00007ffd19c70000 - 0x00007ffd19ca5000 	C:\WINDOWS\SYSTEM32\WINMM.dll
0x00007ffd23d60000 - 0x00007ffd23d7b000 	C:\WINDOWS\SYSTEM32\kernel.appcore.dll
0x00007ffd0ae10000 - 0x00007ffd0ae1a000 	C:\Program Files\Java\jdk-19\bin\jimage.dll
0x00007ffd22460000 - 0x00007ffd226a1000 	C:\WINDOWS\SYSTEM32\DBGHELP.DLL
0x00007ffd27640000 - 0x00007ffd279c6000 	C:\WINDOWS\System32\combase.dll
0x00007ffd25c50000 - 0x00007ffd25d30000 	C:\WINDOWS\System32\OLEAUT32.dll
0x00007ffcf87c0000 - 0x00007ffcf8803000 	C:\WINDOWS\SYSTEM32\dbgcore.DLL
0x00007ffd257a0000 - 0x00007ffd25839000 	C:\WINDOWS\System32\bcryptPrimitives.dll
0x00007ffcbd670000 - 0x00007ffcbd696000 	C:\Program Files\Java\jdk-19\bin\java.dll

dbghelp: loaded successfully - version: 4.0.5 - missing functions: none
symbol engine: initialized successfully - sym options: 0x614 - pdb path: .;C:\Program Files\Java\jdk-19\bin;C:\WINDOWS\SYSTEM32;C:\WINDOWS\WinSxS\amd64_microsoft.windows.common-controls_6595b64144ccf1df_6.0.26100.4484_none_3e0e6d4ce32ef3b3;C:\Program Files\Java\jdk-19\bin\server

VM Arguments:
java_command: C:\Users\fredr\.nextflow\lsp\v25.04\v25.04.3.jar
java_class_path (initial): C:\Users\fredr\.nextflow\lsp\v25.04\v25.04.3.jar
Launcher Type: SUN_STANDARD

[Global flags]
     intx CICompilerCount                          = 4                                         {product} {ergonomic}
     uint ConcGCThreads                            = 2                                         {product} {ergonomic}
     uint G1ConcRefinementThreads                  = 8                                         {product} {ergonomic}
   size_t G1HeapRegionSize                         = 2097152                                   {product} {ergonomic}
    uintx GCDrainStackTargetSize                   = 64                                        {product} {ergonomic}
   size_t InitialHeapSize                          = 264241152                                 {product} {ergonomic}
   size_t MarkStackSize                            = 4194304                                   {product} {ergonomic}
   size_t MaxHeapSize                              = 4217372672                                {product} {ergonomic}
   size_t MinHeapDeltaBytes                        = 2097152                                   {product} {ergonomic}
   size_t MinHeapSize                              = 8388608                                   {product} {ergonomic}
    uintx NonNMethodCodeHeapSize                   = 5839372                                {pd product} {ergonomic}
    uintx NonProfiledCodeHeapSize                  = 122909434                              {pd product} {ergonomic}
    uintx ProfiledCodeHeapSize                     = 122909434                              {pd product} {ergonomic}
    uintx ReservedCodeCacheSize                    = 251658240                              {pd product} {ergonomic}
     bool SegmentedCodeCache                       = true                                      {product} {ergonomic}
   size_t SoftMaxHeapSize                          = 4217372672                             {manageable} {ergonomic}
     bool UseCompressedClassPointers               = true                           {product lp64_product} {ergonomic}
     bool UseCompressedOops                        = true                           {product lp64_product} {ergonomic}
     bool UseG1GC                                  = true                                      {product} {ergonomic}
     bool UseLargePagesIndividualAllocation        = false                                  {pd product} {ergonomic}

Logging:
Log output configuration:
 #0: stdout all=warning uptime,level,tags foldmultilines=false
 #1: stderr all=off uptime,level,tags foldmultilines=false

Environment Variables:
PATH=C:\Program Files\Python311\Scripts\;C:\Program Files\Python311\;C:\Program Files\Python38\Scripts\;C:\Program Files\Python38\;C:\Program Files\Common Files\Oracle\Java\javapath;C:\Program Files (x86)\Common Files\Oracle\Java\java8path;C:\Program Files (x86)\Common Files\Oracle\Java\javapath;C:\WINDOWS\system32;C:\WINDOWS;C:\WINDOWS\System32\Wbem;C:\WINDOWS\System32\WindowsPowerShell\v1.0\;C:\WINDOWS\System32\OpenSSH\;C:\Program Files (x86)\dotnet\;C:\Program Files\Microsoft SQL Server\150\Tools\Binn\;C:\Program Files\dotnet\;C:\Program Files\GitHub CLI\;C:\Program Files\Git\cmd;C:\Program Files\Positron\bin;C:\Users\fredr\AppData\Local\Microsoft\WindowsApps;C:\Users\fredr\AppData\Local\Programs\Microsoft VS Code\bin;C:\Users\fredr\AppData\Local\GitHubDesktop\bin;C:\Program Files\JetBrains\PyCharm 2022.1.3\bin;;C:\Users\fredr\.dotnet\tools;C:\Users\fredr\AppData\Local\Pandoc\
USERNAME=fredr
OS=Windows_NT
PROCESSOR_IDENTIFIER=Intel64 Family 6 Model 140 Stepping 1, GenuineIntel
TMP=C:\Users\fredr\AppData\Local\Temp
TEMP=C:\Users\fredr\AppData\Local\Temp



---------------  S Y S T E M  ---------------

OS:
 Windows 11 , 64 bit Build 26100 (10.0.26100.4484)
OS uptime: 0 days 5:12 hours
Hyper-V role detected

CPU: total 8 (initial active 8) (4 cores per cpu, 2 threads per core) family 6 model 140 stepping 1 microcode 0xae, cx8, cmov, fxsr, ht, mmx, 3dnowpref, sse, sse2, sse3, ssse3, sse4.1, sse4.2, popcnt, lzcnt, tsc, tscinvbit, avx, avx2, aes, erms, clmul, bmi1, bmi2, adx, avx512f, avx512dq, avx512cd, avx512bw, avx512vl, sha, fma, vzeroupper, avx512_vpopcntdq, avx512_vpclmulqdq, avx512_vaes, avx512_vnni, clflush, clflushopt, clwb, avx512_vbmi2, avx512_vbmi, hv, rdtscp, rdpid, fsrm, gfni, avx512_bitalg

Memory: 4k page, system-wide physical 16080M (1628M free)
TotalPageFile size 39431M (AvailPageFile size 12M)
current process WorkingSet (physical memory assigned to process): 12M, peak: 12M
current process commit charge ("private bytes"): 60M, peak: 312M

vm_info: Java HotSpot(TM) 64-Bit Server VM (19+36-2238) for windows-amd64 JRE (19+36-2238), built on 2022-08-12T20:29:01Z by "mach5one" with MS VC++ 17.1 (VS2022)

END.
